# JRE version: OpenJDK Runtime Environment (8.0_212-b03) (build 1.8.0_212-8u212-b03-0ubuntu1.18.04.1-b03)
# Java VM: OpenJDK 64-Bit Server VM (25.212-b03 mixed mode linux-amd64 compressed oops)
Heap:
 PSYoungGen      total 176128K, used 0K [0x00000000ec000000, 0x00000000f7780000, 0x0000000100000000)
  eden space 174592K, 0% used [0x00000000ec000000,0x00000000ec000000,0x00000000f6a80000)
  from space 1536K, 0% used [0x00000000f7600000,0x00000000f7600000,0x00000000f7780000)
  to   space 6656K, 0% used [0x00000000f6a80000,0x00000000f6a80000,0x00000000f7100000)
 ParOldGen       total 158208K, used 124672K [0x00000000c4000000, 0x00000000cda80000, 0x00000000ec000000)
  object space 158208K, 78% used [0x00000000c4000000,0x00000000cb9c0370,0x00000000cda80000)
 Metaspace       used 37445K, capacity 37800K, committed 38144K, reserved 1081344K
  class space    used 5410K, capacity 5528K, committed 5632K, reserved 1048576K
GC Heap History (10 events):
Event: 5,407 GC heap after
Heap after GC invocations=17 (full 1):
 PSYoungGen      total 142336K, used 470K [0x00000000ec000000, 0x00000000f5380000, 0x0000000100000000)
  eden space 135680K, 0% used [0x00000000ec000000,0x00000000ec000000,0x00000000f4480000)
  from space 6656K, 7% used [0x00000000f4b00000,0x00000000f4b75860,0x00000000f5180000)
  to   space 6656K, 0% used [0x00000000f4480000,0x00000000f4480000,0x00000000f4b00000)
 ParOldGen       total 29184K, used 12870K [0x00000000c4000000, 0x00000000c5c80000, 0x00000000ec000000)
  object space 29184K, 44% used [0x00000000c4000000,0x00000000c4c918b8,0x00000000c5c80000)
 Metaspace       used 35230K, capacity 35520K, committed 35748K, reserved 1079296K
  class space    used 5043K, capacity 5116K, committed 5120K, reserved 1048576K
}
Event: 5,407 GC heap before
{Heap before GC invocations=18 (full 2):
 PSYoungGen      total 142336K, used 470K [0x00000000ec000000, 0x00000000f5380000, 0x0000000100000000)
  eden space 135680K, 0% used [0x00000000ec000000,0x00000000ec000000,0x00000000f4480000)
  from space 6656K, 7% used [0x00000000f4b00000,0x00000000f4b75860,0x00000000f5180000)
  to   space 6656K, 0% used [0x00000000f4480000,0x00000000f4480000,0x00000000f4b00000)
 ParOldGen       total 29184K, used 12870K [0x00000000c4000000, 0x00000000c5c80000, 0x00000000ec000000)
  object space 29184K, 44% used [0x00000000c4000000,0x00000000c4c918b8,0x00000000c5c80000)
 Metaspace       used 35230K, capacity 35520K, committed 35748K, reserved 1079296K
  class space    used 5043K, capacity 5116K, committed 5120K, reserved 1048576K
Event: 5,440 GC heap after
Heap after GC invocations=18 (full 2):
 PSYoungGen      total 142336K, used 0K [0x00000000ec000000, 0x00000000f5380000, 0x0000000100000000)
  eden space 135680K, 0% used [0x00000000ec000000,0x00000000ec000000,0x00000000f4480000)
  from space 6656K, 0% used [0x00000000f4b00000,0x00000000f4b00000,0x00000000f5180000)
  to   space 6656K, 0% used [0x00000000f4480000,0x00000000f4480000,0x00000000f4b00000)
 ParOldGen       total 37376K, used 8561K [0x00000000c4000000, 0x00000000c6480000, 0x00000000ec000000)
  object space 37376K, 22% used [0x00000000c4000000,0x00000000c485c670,0x00000000c6480000)
 Metaspace       used 35223K, capacity 35508K, committed 35748K, reserved 1079296K
  class space    used 5042K, capacity 5114K, committed 5120K, reserved 1048576K
}
Event: 5,903 GC heap before
{Heap before GC invocations=19 (full 2):
 PSYoungGen      total 142336K, used 98602K [0x00000000ec000000, 0x00000000f5380000, 0x0000000100000000)
  eden space 135680K, 72% used [0x00000000ec000000,0x00000000f204a980,0x00000000f4480000)
  from space 6656K, 0% used [0x00000000f4b00000,0x00000000f4b00000,0x00000000f5180000)
  to   space 6656K, 0% used [0x00000000f4480000,0x00000000f4480000,0x00000000f4b00000)
 ParOldGen       total 37376K, used 8561K [0x00000000c4000000, 0x00000000c6480000, 0x00000000ec000000)
  object space 37376K, 22% used [0x00000000c4000000,0x00000000c485c670,0x00000000c6480000)
 Metaspace       used 37448K, capacity 37806K, committed 38144K, reserved 1081344K
  class space    used 5410K, capacity 5529K, committed 5632K, reserved 1048576K
Event: 5,946 GC heap after
Heap after GC invocations=19 (full 2):
 PSYoungGen      total 142336K, used 2968K [0x00000000ec000000, 0x00000000f7c80000, 0x0000000100000000)
  eden space 135680K, 0% used [0x00000000ec000000,0x00000000ec000000,0x00000000f4480000)
  from space 6656K, 44% used [0x00000000f4480000,0x00000000f47663c0,0x00000000f4b00000)
  to   space 6656K, 0% used [0x00000000f7600000,0x00000000f7600000,0x00000000f7c80000)
 ParOldGen       total 60416K, used 54171K [0x00000000c4000000, 0x00000000c7b00000, 0x00000000ec000000)
  object space 60416K, 89% used [0x00000000c4000000,0x00000000c74e6ea0,0x00000000c7b00000)
 Metaspace       used 37448K, capacity 37806K, committed 38144K, reserved 1081344K
  class space    used 5410K, capacity 5529K, committed 5632K, reserved 1048576K
}
Event: 5,946 GC heap before
{Heap before GC invocations=20 (full 3):
 PSYoungGen      total 142336K, used 2968K [0x00000000ec000000, 0x00000000f7c80000, 0x0000000100000000)
  eden space 135680K, 0% used [0x00000000ec000000,0x00000000ec000000,0x00000000f4480000)
  from space 6656K, 44% used [0x00000000f4480000,0x00000000f47663c0,0x00000000f4b00000)
  to   space 6656K, 0% used [0x00000000f7600000,0x00000000f7600000,0x00000000f7c80000)
 ParOldGen       total 60416K, used 54171K [0x00000000c4000000, 0x00000000c7b00000, 0x00000000ec000000)
  object space 60416K, 89% used [0x00000000c4000000,0x00000000c74e6ea0,0x00000000c7b00000)
 Metaspace       used 37448K, capacity 37806K, committed 38144K, reserved 1081344K
  class space    used 5410K, capacity 5529K, committed 5632K, reserved 1048576K
Event: 6,088 GC heap after
Heap after GC invocations=20 (full 3):
 PSYoungGen      total 142336K, used 0K [0x00000000ec000000, 0x00000000f7c80000, 0x0000000100000000)
  eden space 135680K, 0% used [0x00000000ec000000,0x00000000ec000000,0x00000000f4480000)
  from space 6656K, 0% used [0x00000000f4480000,0x00000000f4480000,0x00000000f4b00000)
  to   space 6656K, 0% used [0x00000000f7600000,0x00000000f7600000,0x00000000f7c80000)
 ParOldGen       total 112128K, used 56263K [0x00000000c4000000, 0x00000000cad80000, 0x00000000ec000000)
  object space 112128K, 50% used [0x00000000c4000000,0x00000000c76f1f28,0x00000000cad80000)
 Metaspace       used 37445K, capacity 37800K, committed 38144K, reserved 1081344K
  class space    used 5410K, capacity 5528K, committed 5632K, reserved 1048576K
}
Event: 6,108 GC heap before
{Heap before GC invocations=21 (full 3):
 PSYoungGen      total 142336K, used 114936K [0x00000000ec000000, 0x00000000f7c80000, 0x0000000100000000)
  eden space 135680K, 84% used [0x00000000ec000000,0x00000000f303e3c8,0x00000000f4480000)
  from space 6656K, 0% used [0x00000000f4480000,0x00000000f4480000,0x00000000f4b00000)
  to   space 6656K, 0% used [0x00000000f7600000,0x00000000f7600000,0x00000000f7c80000)
 ParOldGen       total 112128K, used 56263K [0x00000000c4000000, 0x00000000cad80000, 0x00000000ec000000)
  object space 112128K, 50% used [0x00000000c4000000,0x00000000c76f1f28,0x00000000cad80000)
 Metaspace       used 37445K, capacity 37800K, committed 38144K, reserved 1081344K
  class space    used 5410K, capacity 5528K, committed 5632K, reserved 1048576K
Event: 6,699 GC heap after
Heap after GC invocations=21 (full 3):
 PSYoungGen      total 176128K, used 64K [0x00000000ec000000, 0x00000000f7780000, 0x0000000100000000)
  eden space 174592K, 0% used [0x00000000ec000000,0x00000000ec000000,0x00000000f6a80000)
  from space 1536K, 4% used [0x00000000f7600000,0x00000000f7610000,0x00000000f7780000)
  to   space 6656K, 0% used [0x00000000f6a80000,0x00000000f6a80000,0x00000000f7100000)
 ParOldGen       total 158208K, used 124666K [0x00000000c4000000, 0x00000000cda80000, 0x00000000ec000000)
  object space 158208K, 78% used [0x00000000c4000000,0x00000000cb9beb60,0x00000000cda80000)
 Metaspace       used 37445K, capacity 37800K, committed 38144K, reserved 1081344K
  class space    used 5410K, capacity 5528K, committed 5632K, reserved 1048576K
}
Event: 6,705 GC heap before
{Heap before GC invocations=22 (full 4):
 PSYoungGen      total 176128K, used 64K [0x00000000ec000000, 0x00000000f7780000, 0x0000000100000000)
  eden space 174592K, 0% used [0x00000000ec000000,0x00000000ec000000,0x00000000f6a80000)
  from space 1536K, 4% used [0x00000000f7600000,0x00000000f7610000,0x00000000f7780000)
  to   space 6656K, 0% used [0x00000000f6a80000,0x00000000f6a80000,0x00000000f7100000)
 ParOldGen       total 158208K, used 124666K [0x00000000c4000000, 0x00000000cda80000, 0x00000000ec000000)
  object space 158208K, 78% used [0x00000000c4000000,0x00000000cb9beb60,0x00000000cda80000)
 Metaspace       used 37445K, capacity 37800K, committed 38144K, reserved 1081344K
  class space    used 5410K, capacity 5528K, committed 5632K, reserved 1048576K

