# JRE version: OpenJDK Runtime Environment (8.0_212-b03) (build 1.8.0_212-8u212-b03-0ubuntu1.18.04.1-b03)
# Java VM: OpenJDK 64-Bit Server VM (25.212-b03 mixed mode linux-amd64 compressed oops)
Heap:
 PSYoungGen      total 178176K, used 3377K [0x00000000ec000000, 0x00000000f7800000, 0x0000000100000000)
  eden space 167936K, 0% used [0x00000000ec000000,0x00000000ec000000,0x00000000f6400000)
  from space 10240K, 32% used [0x00000000f6400000,0x00000000f674c5c0,0x00000000f6e00000)
  to   space 9216K, 0% used [0x00000000f6e00000,0x00000000f6e00000,0x00000000f7700000)
 ParOldGen       total 114688K, used 103019K [0x00000000c4000000, 0x00000000cb000000, 0x00000000ec000000)
  object space 114688K, 89% used [0x00000000c4000000,0x00000000ca49ad50,0x00000000cb000000)
 Metaspace       used 37480K, capacity 37862K, committed 38144K, reserved 1081344K
  class space    used 5409K, capacity 5526K, committed 5632K, reserved 1048576K
GC Heap History (10 events):
Event: 3,604 GC heap after
Heap after GC invocations=8 (full 0):
 PSYoungGen      total 126464K, used 5089K [0x00000000ec000000, 0x00000000f4300000, 0x0000000100000000)
  eden space 120320K, 0% used [0x00000000ec000000,0x00000000ec000000,0x00000000f3580000)
  from space 6144K, 82% used [0x00000000f3c00000,0x00000000f40f86b0,0x00000000f4200000)
  to   space 6656K, 0% used [0x00000000f3580000,0x00000000f3580000,0x00000000f3c00000)
 ParOldGen       total 40960K, used 4176K [0x00000000c4000000, 0x00000000c6800000, 0x00000000ec000000)
  object space 40960K, 10% used [0x00000000c4000000,0x00000000c4414050,0x00000000c6800000)
 Metaspace       used 20766K, capacity 20938K, committed 21248K, reserved 1067008K
  class space    used 2912K, capacity 2981K, committed 3072K, reserved 1048576K
}
Event: 3,604 GC heap before
{Heap before GC invocations=9 (full 1):
 PSYoungGen      total 126464K, used 5089K [0x00000000ec000000, 0x00000000f4300000, 0x0000000100000000)
  eden space 120320K, 0% used [0x00000000ec000000,0x00000000ec000000,0x00000000f3580000)
  from space 6144K, 82% used [0x00000000f3c00000,0x00000000f40f86b0,0x00000000f4200000)
  to   space 6656K, 0% used [0x00000000f3580000,0x00000000f3580000,0x00000000f3c00000)
 ParOldGen       total 40960K, used 4176K [0x00000000c4000000, 0x00000000c6800000, 0x00000000ec000000)
  object space 40960K, 10% used [0x00000000c4000000,0x00000000c4414050,0x00000000c6800000)
 Metaspace       used 20766K, capacity 20938K, committed 21248K, reserved 1067008K
  class space    used 2912K, capacity 2981K, committed 3072K, reserved 1048576K
Event: 3,630 GC heap after
Heap after GC invocations=9 (full 1):
 PSYoungGen      total 126464K, used 0K [0x00000000ec000000, 0x00000000f4300000, 0x0000000100000000)
  eden space 120320K, 0% used [0x00000000ec000000,0x00000000ec000000,0x00000000f3580000)
  from space 6144K, 0% used [0x00000000f3c00000,0x00000000f3c00000,0x00000000f4200000)
  to   space 6656K, 0% used [0x00000000f3580000,0x00000000f3580000,0x00000000f3c00000)
 ParOldGen       total 28672K, used 6217K [0x00000000c4000000, 0x00000000c5c00000, 0x00000000ec000000)
  object space 28672K, 21% used [0x00000000c4000000,0x00000000c4612790,0x00000000c5c00000)
 Metaspace       used 20766K, capacity 20938K, committed 21248K, reserved 1067008K
  class space    used 2912K, capacity 2981K, committed 3072K, reserved 1048576K
}
Event: 4,864 GC heap before
{Heap before GC invocations=10 (full 1):
 PSYoungGen      total 126464K, used 120320K [0x00000000ec000000, 0x00000000f4300000, 0x0000000100000000)
  eden space 120320K, 100% used [0x00000000ec000000,0x00000000f3580000,0x00000000f3580000)
  from space 6144K, 0% used [0x00000000f3c00000,0x00000000f3c00000,0x00000000f4200000)
  to   space 6656K, 0% used [0x00000000f3580000,0x00000000f3580000,0x00000000f3c00000)
 ParOldGen       total 28672K, used 6217K [0x00000000c4000000, 0x00000000c5c00000, 0x00000000ec000000)
  object space 28672K, 21% used [0x00000000c4000000,0x00000000c4612790,0x00000000c5c00000)
 Metaspace       used 30364K, capacity 30612K, committed 31104K, reserved 1075200K
  class space    used 4298K, capacity 4368K, committed 4480K, reserved 1048576K
Event: 4,877 GC heap after
Heap after GC invocations=10 (full 1):
 PSYoungGen      total 126976K, used 6655K [0x00000000ec000000, 0x00000000f7700000, 0x0000000100000000)
  eden space 120320K, 0% used [0x00000000ec000000,0x00000000ec000000,0x00000000f3580000)
  from space 6656K, 99% used [0x00000000f3580000,0x00000000f3bfff40,0x00000000f3c00000)
  to   space 9216K, 0% used [0x00000000f6e00000,0x00000000f6e00000,0x00000000f7700000)
 ParOldGen       total 28672K, used 10234K [0x00000000c4000000, 0x00000000c5c00000, 0x00000000ec000000)
  object space 28672K, 35% used [0x00000000c4000000,0x00000000c49feb28,0x00000000c5c00000)
 Metaspace       used 30364K, capacity 30612K, committed 31104K, reserved 1075200K
  class space    used 4298K, capacity 4368K, committed 4480K, reserved 1048576K
}
Event: 5,698 GC heap before
{Heap before GC invocations=11 (full 1):
 PSYoungGen      total 126976K, used 83672K [0x00000000ec000000, 0x00000000f7700000, 0x0000000100000000)
  eden space 120320K, 64% used [0x00000000ec000000,0x00000000f0b36180,0x00000000f3580000)
  from space 6656K, 99% used [0x00000000f3580000,0x00000000f3bfff40,0x00000000f3c00000)
  to   space 9216K, 0% used [0x00000000f6e00000,0x00000000f6e00000,0x00000000f7700000)
 ParOldGen       total 28672K, used 10234K [0x00000000c4000000, 0x00000000c5c00000, 0x00000000ec000000)
  object space 28672K, 35% used [0x00000000c4000000,0x00000000c49feb28,0x00000000c5c00000)
 Metaspace       used 34796K, capacity 35070K, committed 35416K, reserved 1079296K
  class space    used 4957K, capacity 5050K, committed 5120K, reserved 1048576K
Event: 5,708 GC heap after
Heap after GC invocations=11 (full 1):
 PSYoungGen      total 177152K, used 7888K [0x00000000ec000000, 0x00000000f7800000, 0x0000000100000000)
  eden space 167936K, 0% used [0x00000000ec000000,0x00000000ec000000,0x00000000f6400000)
  from space 9216K, 85% used [0x00000000f6e00000,0x00000000f75b4170,0x00000000f7700000)
  to   space 10240K, 0% used [0x00000000f6400000,0x00000000f6400000,0x00000000f6e00000)
 ParOldGen       total 28672K, used 10234K [0x00000000c4000000, 0x00000000c5c00000, 0x00000000ec000000)
  object space 28672K, 35% used [0x00000000c4000000,0x00000000c49feb28,0x00000000c5c00000)
 Metaspace       used 34796K, capacity 35070K, committed 35416K, reserved 1079296K
  class space    used 4957K, capacity 5050K, committed 5120K, reserved 1048576K
}
Event: 5,708 GC heap before
{Heap before GC invocations=12 (full 2):
 PSYoungGen      total 177152K, used 7888K [0x00000000ec000000, 0x00000000f7800000, 0x0000000100000000)
  eden space 167936K, 0% used [0x00000000ec000000,0x00000000ec000000,0x00000000f6400000)
  from space 9216K, 85% used [0x00000000f6e00000,0x00000000f75b4170,0x00000000f7700000)
  to   space 10240K, 0% used [0x00000000f6400000,0x00000000f6400000,0x00000000f6e00000)
 ParOldGen       total 28672K, used 10234K [0x00000000c4000000, 0x00000000c5c00000, 0x00000000ec000000)
  object space 28672K, 35% used [0x00000000c4000000,0x00000000c49feb28,0x00000000c5c00000)
 Metaspace       used 34796K, capacity 35070K, committed 35416K, reserved 1079296K
  class space    used 4957K, capacity 5050K, committed 5120K, reserved 1048576K
Event: 5,752 GC heap after
Heap after GC invocations=12 (full 2):
 PSYoungGen      total 177152K, used 0K [0x00000000ec000000, 0x00000000f7800000, 0x0000000100000000)
  eden space 167936K, 0% used [0x00000000ec000000,0x00000000ec000000,0x00000000f6400000)
  from space 9216K, 0% used [0x00000000f6e00000,0x00000000f6e00000,0x00000000f7700000)
  to   space 10240K, 0% used [0x00000000f6400000,0x00000000f6400000,0x00000000f6e00000)
 ParOldGen       total 45568K, used 11807K [0x00000000c4000000, 0x00000000c6c80000, 0x00000000ec000000)
  object space 45568K, 25% used [0x00000000c4000000,0x00000000c4b87d00,0x00000000c6c80000)
 Metaspace       used 34788K, capacity 35058K, committed 35416K, reserved 1079296K
  class space    used 4956K, capacity 5048K, committed 5120K, reserved 1048576K
}
Event: 6,335 GC heap before
{Heap before GC invocations=13 (full 2):
 PSYoungGen      total 177152K, used 152456K [0x00000000ec000000, 0x00000000f7800000, 0x0000000100000000)
  eden space 167936K, 90% used [0x00000000ec000000,0x00000000f54e21f0,0x00000000f6400000)
  from space 9216K, 0% used [0x00000000f6e00000,0x00000000f6e00000,0x00000000f7700000)
  to   space 10240K, 0% used [0x00000000f6400000,0x00000000f6400000,0x00000000f6e00000)
 ParOldGen       total 45568K, used 11807K [0x00000000c4000000, 0x00000000c6c80000, 0x00000000ec000000)
  object space 45568K, 25% used [0x00000000c4000000,0x00000000c4b87d00,0x00000000c6c80000)
 Metaspace       used 37480K, capacity 37862K, committed 38144K, reserved 1081344K
  class space    used 5409K, capacity 5526K, committed 5632K, reserved 1048576K

